10/31/17 22:45:06 /var/www/html/project/logging.php:77 [ERROR] : Wrong Credentials !
10/31/17 23:07:47 /var/www/html/project/index.php:40 [ERROR] : Wrong Credentials !
11/01/17 11:55:08 /var/www/html/project/forgetPass.php:51 [ERROR] : Email Not found
11/01/17 14:46:33 /var/www/html/project/create_vm.php:62 [ERROR] : IP not available for new machine.!!ABORT!!.
11/02/17 10:44:42 /var/www/html/project/forgetPass.php:51 [ERROR] : Email Not found
11/03/17 16:47:02 /var/www/html/project/storage_request_entry.php:18 [ERROR] : Cannot Shrink beyond the used size
11/03/17 23:26:35 /var/www/html/project/create_vm.php:62 [ERROR] : IP not available for new machine.!!ABORT!!.
11/04/17 09:36:22 /var/www/html/project/forgetPass.php:51 [ERROR] : Email Not found
11/06/17 15:33:05 /var/www/html/project/display_notifications.php:23 [ERROR] :  user does not exixts
11/06/17 15:36:05 /var/www/html/project/display_notifications.php:22 [ERROR] :  user does not exixts
11/07/17 13:38:32 /var/www/html/project/create_vm.php:145 [ERROR] : VM request entry does not exists
11/07/17 18:36:08 /var/www/html/project/VMcontrol.php:49 [ERROR] : Connection Error. Could not connect to Cloud.
11/12/17 10:43:47 /var/www/html/project/index.php:40 [ERROR] : Wrong Credentials !
11/15/17 09:20:55 /var/www/html/project/VMcontrol.php:49 [ERROR] : Connection Error. Could not connect to Cloud.
11/15/17 09:41:47 /var/www/html/project/VMcontrol.php:49 [ERROR] : Connection Error. Could not connect to Cloud.
11/23/17 17:06:49 /var/www/html/project/VMcontrol.php:49 [ERROR] : Connection Error. Could not connect to Cloud.
11/23/17 17:06:54 /var/www/html/project/VMcontrol.php:49 [ERROR] : Connection Error. Could not connect to Cloud.
11/24/17 08:31:32 /var/www/html/project/index.php:40 [ERROR] : Wrong Credentials !
11/24/17 08:32:08 /var/www/html/project/VMcontrol.php:49 [ERROR] : Connection Error. Could not connect to Cloud.
11/25/17 21:13:59 /var/www/html/project/index.php:40 [ERROR] : Wrong Credentials !
11/26/17 11:09:00 /var/www/html/project/index.php:40 [ERROR] : Wrong Credentials !
11/26/17 14:37:31 /var/www/html/project/index.php:40 [ERROR] : Wrong Credentials !
11/26/17 14:37:50 /var/www/html/project/index.php:40 [ERROR] : Wrong Credentials !
11/26/17 18:56:13 /var/www/html/project/index.php:40 [ERROR] : Wrong Credentials !
01/07/18 15:28:26 /var/www/html/project/index.php:40 [ERROR] : Wrong Credentials !
01/08/18 14:39:07 /var/www/html/project/VMcontrol.php:49 [ERROR] : Connection Error. Could not connect to Cloud.
01/08/18 15:13:41 /var/www/html/project/VMcontrol.php:49 [ERROR] : Connection Error. Could not connect to Cloud.
01/09/18 22:02:11 /var/www/html/project/VMcontrol.php:49 [ERROR] : Connection Error. Could not connect to Cloud.
01/18/18 15:47:22 /var/www/html/project/VMcontrol.php:52 [ERROR] : Connection Error. Could not connect to Cloud.
01/18/18 15:47:27 /var/www/html/project/VMcontrol.php:52 [ERROR] : Connection Error. Could not connect to Cloud.
01/18/18 15:48:39 /var/www/html/project/VMcontrol.php:57 [ERROR] : Connection Error. Could not connect to Cloud.
01/18/18 15:50:03 /var/www/html/project/VMcontrol.php:48 [ERROR] : VM does not exists
01/18/18 20:24:30 /var/www/html/project/VMcontrol.php:48 [ERROR] : VM does not exists
